<?xml version="1.0" encoding="UTF-8"?>
<!-- Generated by org.testng.reporters.JUnitReportReporter -->
<testsuite hostname="HP-P045TX" failures="0" tests="1" name="MavenProject.TestCaseExecution.TestNg" time="16.955" errors="0" timestamp="2022-03-25T10:47:17 IST" skipped="0">
  <testcase classname="MavenProject.TestCaseExecution.TestNg" name="testCaseName" time="16.955"/>
  <system-out/>
</testsuite> <!-- MavenProject.TestCaseExecution.TestNg -->
